<?xml version="1.0" encoding="UTF-8" ?>
<testsuite failures="0" time="0.183" errors="0" skipped="0" tests="14" name="ohtu.ohtuvarasto.VarastoTest">
  <properties>
    <property name="java.runtime.name" value="Java(TM) SE Runtime Environment"/>
    <property name="sun.boot.library.path" value="C:\Program Files\Java\jdk1.7.0\jre\bin"/>
    <property name="java.vm.version" value="21.0-b17"/>
    <property name="java.vm.vendor" value="Oracle Corporation"/>
    <property name="java.vendor.url" value="http://java.oracle.com/"/>
    <property name="path.separator" value=";"/>
    <property name="java.vm.name" value="Java HotSpot(TM) Client VM"/>
    <property name="file.encoding.pkg" value="sun.io"/>
    <property name="user.script" value=""/>
    <property name="user.country" value="FI"/>
    <property name="sun.java.launcher" value="SUN_STANDARD"/>
    <property name="sun.os.patch.level" value="Service Pack 2"/>
    <property name="java.vm.specification.name" value="Java Virtual Machine Specification"/>
    <property name="user.dir" value="C:\Users\Kari Korpinen\documents\ohjelmointi\kloonirepo\ohtuvarasto"/>
    <property name="java.runtime.version" value="1.7.0-b147"/>
    <property name="java.awt.graphicsenv" value="sun.awt.Win32GraphicsEnvironment"/>
    <property name="basedir" value="C:\Users\Kari Korpinen\documents\ohjelmointi\kloonirepo\ohtuvarasto"/>
    <property name="java.endorsed.dirs" value="C:\Program Files\Java\jdk1.7.0\jre\lib\endorsed"/>
    <property name="os.arch" value="x86"/>
    <property name="surefire.real.class.path" value="C:\Users\Kari Korpinen\documents\ohjelmointi\kloonirepo\ohtuvarasto\target\surefire\surefirebooter8107141861073756955.jar"/>
    <property name="java.io.tmpdir" value="C:\Users\KARIKO~1\AppData\Local\Temp\"/>
    <property name="line.separator" value="
"/>
    <property name="java.vm.specification.vendor" value="Oracle Corporation"/>
    <property name="user.variant" value=""/>
    <property name="os.name" value="Windows Vista"/>
    <property name="sun.jnu.encoding" value="Cp1252"/>
    <property name="java.library.path" value="C:\Program Files\Java\jdk1.7.0\jre\bin;C:\Windows\Sun\Java\bin;C:\Windows\system32;C:\Windows;%SystemRoot%\system32\WindowsPowerShell\v1.0\;C:\Program Files\ImageMagick-6.6.8-Q16;C:\Program Files\MiKTeX 2.9\miktex/bin;C:\Scala\bin;C:\Ruby\bin;C:\Python26;C:\Xalan\xalan-j_2_7_1\xml-apis.jar;C:\Xalan\xalan-j_2_7_1\xercesImpl.jar;C:\Xalan\xalan-j_2_7_1\xalan.jar;C:\Xalan\xalan-j_2_7_1\serializer.jar;C:\Borland\CBUILD~1\Projects\Bpl;C:\Borland\CBUILD~1\Bin;C:\PROGRA~1\Borland\CBUILD~1\Projects\Bpl;C:\PROGRA~1\Borland\CBUILD~1\Bin;C:\Windows\system32;C:\Windows;C:\Windows\System32\Wbem;C:\Program Files\Java\jre7\bin;C:\Program Files\Java\jdk1.7.0\bin;C:\saxon\;C:\PHP\;C:\PHP\ext\;C:\Program Files\Microsoft SQL Server\80\Tools\Binn\;C:\Program Files\Microsoft SQL Server\90\DTS\Binn\;C:\Program Files\Microsoft SQL Server\90\Tools\binn\;C:\Program Files\Microsoft SQL Server\90\Tools\Binn\VSShell\Common7\IDE\;C:\Program Files\Microsoft Visual Studio 8\Common7\IDE\PrivateAssemblies\;C:\Windows\System32\WindowsPowerShell\v1.0\;C:\Program Files\Microsoft SQL Server\100\Tools\Binn\;C:\Program Files\Microsoft SQL Server\100\DTS\Binn\;C:\Program Files\Microsoft SQL Server\100\Tools\Binn\VSShell\Common7\IDE\;C:\PHP\PHPMailer\v5_1;C:\PHP;C:\Program Files\MySQL\MySQL Server 5.1\bin;c:\program files\apache-maven-3.0.2\bin;C:\clojure-1.2.0\clojure.jar;C:\Users\Kari Korpinen\.netbeans\6.9\modules\ext\clojure-contrib-1.2.0.jar;C:\Program Files\QuickTime\QTSystem\;C:\Sun\SDK\bin;C:\Program Files\OpenVPN\bin;."/>
    <property name="surefire.test.class.path" value="C:\Users\Kari Korpinen\documents\ohjelmointi\kloonirepo\ohtuvarasto\target\test-classes;C:\Users\Kari Korpinen\documents\ohjelmointi\kloonirepo\ohtuvarasto\target\generated-classes\cobertura;C:\Users\Kari Korpinen\.m2\repository\junit\junit\4.10\junit-4.10.jar;C:\Users\Kari Korpinen\.m2\repository\org\hamcrest\hamcrest-core\1.1\hamcrest-core-1.1.jar;C:\Users\Kari Korpinen\.m2\repository\net\sourceforge\cobertura\cobertura\1.9.4.1\cobertura-1.9.4.1.jar;C:\Users\Kari Korpinen\.m2\repository\org\apache\ant\ant\1.7.0\ant-1.7.0.jar;C:\Users\Kari Korpinen\.m2\repository\org\apache\ant\ant-launcher\1.7.0\ant-launcher-1.7.0.jar;"/>
    <property name="java.specification.name" value="Java Platform API Specification"/>
    <property name="java.class.version" value="51.0"/>
    <property name="sun.management.compiler" value="HotSpot Client Compiler"/>
    <property name="os.version" value="6.0"/>
    <property name="user.home" value="C:\Users\Kari Korpinen"/>
    <property name="user.timezone" value=""/>
    <property name="java.awt.printerjob" value="sun.awt.windows.WPrinterJob"/>
    <property name="java.specification.version" value="1.7"/>
    <property name="file.encoding" value="Cp1252"/>
    <property name="user.name" value="Kari Korpinen"/>
    <property name="java.class.path" value="C:\Users\Kari Korpinen\documents\ohjelmointi\kloonirepo\ohtuvarasto\target\test-classes;C:\Users\Kari Korpinen\documents\ohjelmointi\kloonirepo\ohtuvarasto\target\generated-classes\cobertura;C:\Users\Kari Korpinen\.m2\repository\junit\junit\4.10\junit-4.10.jar;C:\Users\Kari Korpinen\.m2\repository\org\hamcrest\hamcrest-core\1.1\hamcrest-core-1.1.jar;C:\Users\Kari Korpinen\.m2\repository\net\sourceforge\cobertura\cobertura\1.9.4.1\cobertura-1.9.4.1.jar;C:\Users\Kari Korpinen\.m2\repository\org\apache\ant\ant\1.7.0\ant-1.7.0.jar;C:\Users\Kari Korpinen\.m2\repository\org\apache\ant\ant-launcher\1.7.0\ant-launcher-1.7.0.jar;"/>
    <property name="java.vm.specification.version" value="1.7"/>
    <property name="sun.arch.data.model" value="32"/>
    <property name="java.home" value="C:\Program Files\Java\jdk1.7.0\jre"/>
    <property name="sun.java.command" value="C:\Users\Kari Korpinen\documents\ohjelmointi\kloonirepo\ohtuvarasto\target\surefire\surefirebooter8107141861073756955.jar C:\Users\Kari Korpinen\documents\ohjelmointi\kloonirepo\ohtuvarasto\target\surefire\surefire9083643974849035401tmp C:\Users\Kari Korpinen\documents\ohjelmointi\kloonirepo\ohtuvarasto\target\surefire\surefire4681495418566085243tmp"/>
    <property name="java.specification.vendor" value="Oracle Corporation"/>
    <property name="user.language" value="fi"/>
    <property name="awt.toolkit" value="sun.awt.windows.WToolkit"/>
    <property name="java.vm.info" value="mixed mode, sharing"/>
    <property name="java.version" value="1.7.0"/>
    <property name="java.ext.dirs" value="C:\Program Files\Java\jdk1.7.0\jre\lib\ext;C:\Windows\Sun\Java\lib\ext"/>
    <property name="sun.boot.class.path" value="C:\Program Files\Java\jdk1.7.0\jre\lib\resources.jar;C:\Program Files\Java\jdk1.7.0\jre\lib\rt.jar;C:\Program Files\Java\jdk1.7.0\jre\lib\sunrsasign.jar;C:\Program Files\Java\jdk1.7.0\jre\lib\jsse.jar;C:\Program Files\Java\jdk1.7.0\jre\lib\jce.jar;C:\Program Files\Java\jdk1.7.0\jre\lib\charsets.jar;C:\Program Files\Java\jdk1.7.0\jre\classes"/>
    <property name="java.vendor" value="Oracle Corporation"/>
    <property name="localRepository" value="C:\Users\Kari Korpinen\.m2\repository"/>
    <property name="file.separator" value="\"/>
    <property name="java.vendor.url.bug" value="http://bugreport.sun.com/bugreport/"/>
    <property name="sun.cpu.endian" value="little"/>
    <property name="sun.io.unicode.encoding" value="UnicodeLittle"/>
    <property name="sun.desktop" value="windows"/>
    <property name="sun.cpu.isalist" value=""/>
  </properties>
  <testcase time="0.019" classname="ohtu.ohtuvarasto.VarastoTest" name="konstruktoriLuoTyhjanVaraston"/>
  <testcase time="0.001" classname="ohtu.ohtuvarasto.VarastoTest" name="uudellaVarastollaOikeaTilavuus"/>
  <testcase time="0.001" classname="ohtu.ohtuvarasto.VarastoTest" name="lisaysYliLisaaPienentaaVapaataTilaa"/>
  <testcase time="0.009" classname="ohtu.ohtuvarasto.VarastoTest" name="lisaysLisaaPienentaaVapaataTilaa"/>
  <testcase time="0" classname="ohtu.ohtuvarasto.VarastoTest" name="ottaminenPalauttaaOikeanMaaran"/>
  <testcase time="0" classname="ohtu.ohtuvarasto.VarastoTest" name="ottaminenAliPalauttaaOikeanMaaran"/>
  <testcase time="0.001" classname="ohtu.ohtuvarasto.VarastoTest" name="ottaminenLis채채Tilaa"/>
  <testcase time="0.001" classname="ohtu.ohtuvarasto.VarastoTest" name="YliottaminenLis채채Tilaa"/>
  <testcase time="0.001" classname="ohtu.ohtuvarasto.VarastoTest" name="lisaysLisaaSaldoa"/>
  <testcase time="0.001" classname="ohtu.ohtuvarasto.VarastoTest" name="AlleNollanOttaminen"/>
  <testcase time="0.001" classname="ohtu.ohtuvarasto.VarastoTest" name="AlleNollanOttaimnen"/>
  <testcase time="0" classname="ohtu.ohtuvarasto.VarastoTest" name="setUp2"/>
  <testcase time="0.001" classname="ohtu.ohtuvarasto.VarastoTest" name="setUp3"/>
  <testcase time="0.002" classname="ohtu.ohtuvarasto.VarastoTest" name="merkkijono"/>
</testsuite>